
optiboot_atmega1280.elf:     file format elf32-avr

Sections:
Idx Name          Size      VMA       LMA       File off  Algn
  0 .data         00000000  00800200  00800200  00000270  2**0
                  CONTENTS, ALLOC, LOAD, DATA
  1 .text         0000021c  0001fc00  0001fc00  00000054  2**1
                  CONTENTS, ALLOC, LOAD, READONLY, CODE
  2 .stab         00000ca8  00000000  00000000  00000270  2**2
                  CONTENTS, READONLY, DEBUGGING
  3 .stabstr      00000e0a  00000000  00000000  00000f18  2**0
                  CONTENTS, READONLY, DEBUGGING
  4 .comment      00000011  00000000  00000000  00001d22  2**0
                  CONTENTS, READONLY
  5 .version      00000002  00000000  00000000  00001d33  2**0
                  CONTENTS, READONLY

Disassembly of section .text:

0001fc00 <main>:
   1fc00:	11 24       	eor	r1, r1
   1fc02:	84 b7       	in	r24, 0x34	; 52
   1fc04:	14 be       	out	0x34, r1	; 52
   1fc06:	81 ff       	sbrs	r24, 1
   1fc08:	01 d1       	rcall	.+514    	; 0x1fe0c <appStart>
   1fc0a:	85 e0       	ldi	r24, 0x05	; 5
   1fc0c:	80 93 81 00 	sts	0x0081, r24	; 0x800081 <__TEXT_REGION_LENGTH__+0x7e0081>
   1fc10:	82 e0       	ldi	r24, 0x02	; 2
   1fc12:	80 93 c0 00 	sts	0x00C0, r24	; 0x8000c0 <__TEXT_REGION_LENGTH__+0x7e00c0>
   1fc16:	88 e1       	ldi	r24, 0x18	; 24
   1fc18:	80 93 c1 00 	sts	0x00C1, r24	; 0x8000c1 <__TEXT_REGION_LENGTH__+0x7e00c1>
   1fc1c:	96 e0       	ldi	r25, 0x06	; 6
   1fc1e:	90 93 c2 00 	sts	0x00C2, r25	; 0x8000c2 <__TEXT_REGION_LENGTH__+0x7e00c2>
   1fc22:	90 e1       	ldi	r25, 0x10	; 16
   1fc24:	90 93 c4 00 	sts	0x00C4, r25	; 0x8000c4 <__TEXT_REGION_LENGTH__+0x7e00c4>
   1fc28:	80 93 60 00 	sts	0x0060, r24	; 0x800060 <__TEXT_REGION_LENGTH__+0x7e0060>
   1fc2c:	8e e0       	ldi	r24, 0x0E	; 14
   1fc2e:	80 93 60 00 	sts	0x0060, r24	; 0x800060 <__TEXT_REGION_LENGTH__+0x7e0060>
   1fc32:	27 9a       	sbi	0x04, 7	; 4
   1fc34:	86 e0       	ldi	r24, 0x06	; 6
   1fc36:	20 e3       	ldi	r18, 0x30	; 48
   1fc38:	3c ef       	ldi	r19, 0xFC	; 252
   1fc3a:	91 e0       	ldi	r25, 0x01	; 1
   1fc3c:	30 93 85 00 	sts	0x0085, r19	; 0x800085 <__TEXT_REGION_LENGTH__+0x7e0085>
   1fc40:	20 93 84 00 	sts	0x0084, r18	; 0x800084 <__TEXT_REGION_LENGTH__+0x7e0084>
   1fc44:	96 bb       	out	0x16, r25	; 22
   1fc46:	b0 9b       	sbis	0x16, 0	; 22
   1fc48:	fe cf       	rjmp	.-4      	; 0x1fc46 <main+0x46>
   1fc4a:	1f 9a       	sbi	0x03, 7	; 3
   1fc4c:	a8 95       	wdr
   1fc4e:	81 50       	subi	r24, 0x01	; 1
   1fc50:	a9 f7       	brne	.-22     	; 0x1fc3c <main+0x3c>
   1fc52:	c0 e0       	ldi	r28, 0x00	; 0
   1fc54:	d0 e0       	ldi	r29, 0x00	; 0
   1fc56:	18 e1       	ldi	r17, 0x18	; 24
   1fc58:	08 e0       	ldi	r16, 0x08	; 8
   1fc5a:	ff 24       	eor	r15, r15
   1fc5c:	f3 94       	inc	r15
   1fc5e:	35 e0       	ldi	r19, 0x05	; 5
   1fc60:	e3 2e       	mov	r14, r19
   1fc62:	41 e1       	ldi	r20, 0x11	; 17
   1fc64:	d4 2e       	mov	r13, r20
   1fc66:	ad d0       	rcall	.+346    	; 0x1fdc2 <getch>
   1fc68:	81 34       	cpi	r24, 0x41	; 65
   1fc6a:	91 f4       	brne	.+36     	; 0x1fc90 <main+0x90>
   1fc6c:	aa d0       	rcall	.+340    	; 0x1fdc2 <getch>
   1fc6e:	c8 2e       	mov	r12, r24
   1fc70:	b4 d0       	rcall	.+360    	; 0x1fdda <verifySpace>
   1fc72:	82 e8       	ldi	r24, 0x82	; 130
   1fc74:	c8 12       	cpse	r12, r24
   1fc76:	03 c0       	rjmp	.+6      	; 0x1fc7e <main+0x7e>
   1fc78:	84 e0       	ldi	r24, 0x04	; 4
   1fc7a:	9c d0       	rcall	.+312    	; 0x1fdb4 <putch>
   1fc7c:	98 c0       	rjmp	.+304    	; 0x1fdae <main+0x1ae>
   1fc7e:	e1 e8       	ldi	r30, 0x81	; 129
   1fc80:	ce 12       	cpse	r12, r30
   1fc82:	03 c0       	rjmp	.+6      	; 0x1fc8a <main+0x8a>
   1fc84:	84 e0       	ldi	r24, 0x04	; 4
   1fc86:	96 d0       	rcall	.+300    	; 0x1fdb4 <putch>
   1fc88:	92 c0       	rjmp	.+292    	; 0x1fdae <main+0x1ae>
   1fc8a:	83 e0       	ldi	r24, 0x03	; 3
   1fc8c:	93 d0       	rcall	.+294    	; 0x1fdb4 <putch>
   1fc8e:	8f c0       	rjmp	.+286    	; 0x1fdae <main+0x1ae>
   1fc90:	82 34       	cpi	r24, 0x42	; 66
   1fc92:	19 f4       	brne	.+6      	; 0x1fc9a <main+0x9a>
   1fc94:	84 e1       	ldi	r24, 0x14	; 20
   1fc96:	ad d0       	rcall	.+346    	; 0x1fdf2 <getNch>
   1fc98:	8a c0       	rjmp	.+276    	; 0x1fdae <main+0x1ae>
   1fc9a:	85 34       	cpi	r24, 0x45	; 69
   1fc9c:	19 f4       	brne	.+6      	; 0x1fca4 <main+0xa4>
   1fc9e:	85 e0       	ldi	r24, 0x05	; 5
   1fca0:	a8 d0       	rcall	.+336    	; 0x1fdf2 <getNch>
   1fca2:	85 c0       	rjmp	.+266    	; 0x1fdae <main+0x1ae>
   1fca4:	85 35       	cpi	r24, 0x55	; 85
   1fca6:	71 f4       	brne	.+28     	; 0x1fcc4 <main+0xc4>
   1fca8:	8c d0       	rcall	.+280    	; 0x1fdc2 <getch>
   1fcaa:	c8 2f       	mov	r28, r24
   1fcac:	d0 e0       	ldi	r29, 0x00	; 0
   1fcae:	89 d0       	rcall	.+274    	; 0x1fdc2 <getch>
   1fcb0:	d8 2b       	or	r29, r24
   1fcb2:	8d 2f       	mov	r24, r29
   1fcb4:	88 1f       	adc	r24, r24
   1fcb6:	88 27       	eor	r24, r24
   1fcb8:	88 1f       	adc	r24, r24
   1fcba:	8b bf       	out	0x3b, r24	; 59
   1fcbc:	cc 0f       	add	r28, r28
   1fcbe:	dd 1f       	adc	r29, r29
   1fcc0:	8c d0       	rcall	.+280    	; 0x1fdda <verifySpace>
   1fcc2:	75 c0       	rjmp	.+234    	; 0x1fdae <main+0x1ae>
   1fcc4:	86 35       	cpi	r24, 0x56	; 86
   1fcc6:	29 f4       	brne	.+10     	; 0x1fcd2 <main+0xd2>
   1fcc8:	84 e0       	ldi	r24, 0x04	; 4
   1fcca:	93 d0       	rcall	.+294    	; 0x1fdf2 <getNch>
   1fccc:	80 e0       	ldi	r24, 0x00	; 0
   1fcce:	72 d0       	rcall	.+228    	; 0x1fdb4 <putch>
   1fcd0:	6e c0       	rjmp	.+220    	; 0x1fdae <main+0x1ae>
   1fcd2:	84 36       	cpi	r24, 0x64	; 100
   1fcd4:	09 f0       	breq	.+2      	; 0x1fcd8 <main+0xd8>
   1fcd6:	41 c0       	rjmp	.+130    	; 0x1fd5a <main+0x15a>
   1fcd8:	74 d0       	rcall	.+232    	; 0x1fdc2 <getch>
   1fcda:	73 d0       	rcall	.+230    	; 0x1fdc2 <getch>
   1fcdc:	c8 2e       	mov	r12, r24
   1fcde:	71 d0       	rcall	.+226    	; 0x1fdc2 <getch>
   1fce0:	c1 15       	cp	r28, r1
   1fce2:	f0 ee       	ldi	r31, 0xE0	; 224
   1fce4:	df 07       	cpc	r29, r31
   1fce6:	40 f4       	brcc	.+16     	; 0x1fcf8 <main+0xf8>
   1fce8:	83 e0       	ldi	r24, 0x03	; 3
   1fcea:	fe 01       	movw	r30, r28
   1fcec:	87 bf       	out	0x37, r24	; 55
   1fcee:	e8 95       	spm
   1fcf0:	a1 2c       	mov	r10, r1
   1fcf2:	92 e0       	ldi	r25, 0x02	; 2
   1fcf4:	b9 2e       	mov	r11, r25
   1fcf6:	03 c0       	rjmp	.+6      	; 0x1fcfe <main+0xfe>
   1fcf8:	a1 2c       	mov	r10, r1
   1fcfa:	82 e0       	ldi	r24, 0x02	; 2
   1fcfc:	b8 2e       	mov	r11, r24
   1fcfe:	61 d0       	rcall	.+194    	; 0x1fdc2 <getch>
   1fd00:	f5 01       	movw	r30, r10
   1fd02:	81 93       	st	Z+, r24
   1fd04:	5f 01       	movw	r10, r30
   1fd06:	ce 12       	cpse	r12, r30
   1fd08:	fa cf       	rjmp	.-12     	; 0x1fcfe <main+0xfe>
   1fd0a:	c1 15       	cp	r28, r1
   1fd0c:	f0 ee       	ldi	r31, 0xE0	; 224
   1fd0e:	df 07       	cpc	r29, r31
   1fd10:	20 f0       	brcs	.+8      	; 0x1fd1a <main+0x11a>
   1fd12:	83 e0       	ldi	r24, 0x03	; 3
   1fd14:	fe 01       	movw	r30, r28
   1fd16:	87 bf       	out	0x37, r24	; 55
   1fd18:	e8 95       	spm
   1fd1a:	5f d0       	rcall	.+190    	; 0x1fdda <verifySpace>
   1fd1c:	07 b6       	in	r0, 0x37	; 55
   1fd1e:	00 fc       	sbrc	r0, 0
   1fd20:	fd cf       	rjmp	.-6      	; 0x1fd1c <main+0x11c>
   1fd22:	fe 01       	movw	r30, r28
   1fd24:	a0 e0       	ldi	r26, 0x00	; 0
   1fd26:	b2 e0       	ldi	r27, 0x02	; 2
   1fd28:	8c 91       	ld	r24, X
   1fd2a:	11 96       	adiw	r26, 0x01	; 1
   1fd2c:	2c 91       	ld	r18, X
   1fd2e:	11 97       	sbiw	r26, 0x01	; 1
   1fd30:	90 e0       	ldi	r25, 0x00	; 0
   1fd32:	92 2b       	or	r25, r18
   1fd34:	0c 01       	movw	r0, r24
   1fd36:	f7 be       	out	0x37, r15	; 55
   1fd38:	e8 95       	spm
   1fd3a:	11 24       	eor	r1, r1
   1fd3c:	32 96       	adiw	r30, 0x02	; 2
   1fd3e:	12 96       	adiw	r26, 0x02	; 2
   1fd40:	a1 15       	cp	r26, r1
   1fd42:	83 e0       	ldi	r24, 0x03	; 3
   1fd44:	b8 07       	cpc	r27, r24
   1fd46:	81 f7       	brne	.-32     	; 0x1fd28 <main+0x128>
   1fd48:	fe 01       	movw	r30, r28
   1fd4a:	e7 be       	out	0x37, r14	; 55
   1fd4c:	e8 95       	spm
   1fd4e:	07 b6       	in	r0, 0x37	; 55
   1fd50:	00 fc       	sbrc	r0, 0
   1fd52:	fd cf       	rjmp	.-6      	; 0x1fd4e <main+0x14e>
   1fd54:	d7 be       	out	0x37, r13	; 55
   1fd56:	e8 95       	spm
   1fd58:	2a c0       	rjmp	.+84     	; 0x1fdae <main+0x1ae>
   1fd5a:	84 37       	cpi	r24, 0x74	; 116
   1fd5c:	a9 f4       	brne	.+42     	; 0x1fd88 <main+0x188>
   1fd5e:	31 d0       	rcall	.+98     	; 0x1fdc2 <getch>
   1fd60:	30 d0       	rcall	.+96     	; 0x1fdc2 <getch>
   1fd62:	c8 2e       	mov	r12, r24
   1fd64:	2e d0       	rcall	.+92     	; 0x1fdc2 <getch>
   1fd66:	39 d0       	rcall	.+114    	; 0x1fdda <verifySpace>
   1fd68:	9c 2c       	mov	r9, r12
   1fd6a:	5e 01       	movw	r10, r28
   1fd6c:	f5 01       	movw	r30, r10
   1fd6e:	86 91       	elpm	r24, Z
   1fd70:	21 d0       	rcall	.+66     	; 0x1fdb4 <putch>
   1fd72:	ff ef       	ldi	r31, 0xFF	; 255
   1fd74:	af 1a       	sub	r10, r31
   1fd76:	bf 0a       	sbc	r11, r31
   1fd78:	9a 94       	dec	r9
   1fd7a:	91 10       	cpse	r9, r1
   1fd7c:	f7 cf       	rjmp	.-18     	; 0x1fd6c <main+0x16c>
   1fd7e:	21 96       	adiw	r28, 0x01	; 1
   1fd80:	ca 94       	dec	r12
   1fd82:	cc 0d       	add	r28, r12
   1fd84:	d1 1d       	adc	r29, r1
   1fd86:	13 c0       	rjmp	.+38     	; 0x1fdae <main+0x1ae>
   1fd88:	85 37       	cpi	r24, 0x75	; 117
   1fd8a:	41 f4       	brne	.+16     	; 0x1fd9c <main+0x19c>
   1fd8c:	26 d0       	rcall	.+76     	; 0x1fdda <verifySpace>
   1fd8e:	8e e1       	ldi	r24, 0x1E	; 30
   1fd90:	11 d0       	rcall	.+34     	; 0x1fdb4 <putch>
   1fd92:	87 e9       	ldi	r24, 0x97	; 151
   1fd94:	0f d0       	rcall	.+30     	; 0x1fdb4 <putch>
   1fd96:	83 e0       	ldi	r24, 0x03	; 3
   1fd98:	0d d0       	rcall	.+26     	; 0x1fdb4 <putch>
   1fd9a:	09 c0       	rjmp	.+18     	; 0x1fdae <main+0x1ae>
   1fd9c:	81 35       	cpi	r24, 0x51	; 81
   1fd9e:	31 f4       	brne	.+12     	; 0x1fdac <main+0x1ac>
   1fda0:	10 93 60 00 	sts	0x0060, r17	; 0x800060 <__TEXT_REGION_LENGTH__+0x7e0060>
   1fda4:	00 93 60 00 	sts	0x0060, r16	; 0x800060 <__TEXT_REGION_LENGTH__+0x7e0060>
   1fda8:	18 d0       	rcall	.+48     	; 0x1fdda <verifySpace>
   1fdaa:	01 c0       	rjmp	.+2      	; 0x1fdae <main+0x1ae>
   1fdac:	16 d0       	rcall	.+44     	; 0x1fdda <verifySpace>
   1fdae:	80 e1       	ldi	r24, 0x10	; 16
   1fdb0:	01 d0       	rcall	.+2      	; 0x1fdb4 <putch>
   1fdb2:	59 cf       	rjmp	.-334    	; 0x1fc66 <main+0x66>

0001fdb4 <putch>:
  }
}

void putch(char ch) {
#ifndef SOFT_UART
  while (!(UCSR0A & _BV(UDRE0)));
   1fdb4:	90 91 c0 00 	lds	r25, 0x00C0	; 0x8000c0 <__TEXT_REGION_LENGTH__+0x7e00c0>
   1fdb8:	95 ff       	sbrs	r25, 5
   1fdba:	fc cf       	rjmp	.-8      	; 0x1fdb4 <putch>
  UDR0 = ch;
   1fdbc:	80 93 c6 00 	sts	0x00C6, r24	; 0x8000c6 <__TEXT_REGION_LENGTH__+0x7e00c6>
   1fdc0:	08 95       	ret

0001fdc2 <getch>:
      [uartBit] "I" (UART_RX_BIT)
    :
      "r25"
);
#else
  while(!(UCSR0A & _BV(RXC0)))
   1fdc2:	80 91 c0 00 	lds	r24, 0x00C0	; 0x8000c0 <__TEXT_REGION_LENGTH__+0x7e00c0>
   1fdc6:	87 ff       	sbrs	r24, 7
   1fdc8:	fc cf       	rjmp	.-8      	; 0x1fdc2 <getch>
    ;
  if (!(UCSR0A & _BV(FE0))) {
   1fdca:	80 91 c0 00 	lds	r24, 0x00C0	; 0x8000c0 <__TEXT_REGION_LENGTH__+0x7e00c0>
   1fdce:	84 fd       	sbrc	r24, 4
   1fdd0:	01 c0       	rjmp	.+2      	; 0x1fdd4 <getch+0x12>
}
#endif

// Watchdog functions. These are only safe with interrupts turned off.
void watchdogReset() {
  __asm__ __volatile__ (
   1fdd2:	a8 95       	wdr
  ch = UDR0;
   1fdd4:	80 91 c6 00 	lds	r24, 0x00C6	; 0x8000c6 <__TEXT_REGION_LENGTH__+0x7e00c6>
}
   1fdd8:	08 95       	ret

0001fdda <verifySpace>:
  if (getch() != CRC_EOP) {
   1fdda:	f3 df       	rcall	.-26     	; 0x1fdc2 <getch>
   1fddc:	80 32       	cpi	r24, 0x20	; 32
   1fdde:	39 f0       	breq	.+14     	; 0x1fdee <verifySpace+0x14>
    "wdr\n"
  );
}

void watchdogConfig(uint8_t x) {
  WDTCSR = _BV(WDCE) | _BV(WDE);
   1fde0:	88 e1       	ldi	r24, 0x18	; 24
   1fde2:	80 93 60 00 	sts	0x0060, r24	; 0x800060 <__TEXT_REGION_LENGTH__+0x7e0060>
  WDTCSR = x;
   1fde6:	88 e0       	ldi	r24, 0x08	; 8
   1fde8:	80 93 60 00 	sts	0x0060, r24	; 0x800060 <__TEXT_REGION_LENGTH__+0x7e0060>
  putch(STK_INSYNC);
   1fdec:	ff cf       	rjmp	.-2      	; 0x1fdec <verifySpace+0x12>
   1fdee:	84 e1       	ldi	r24, 0x14	; 20
   1fdf0:	e1 cf       	rjmp	.-62     	; 0x1fdb4 <putch>

0001fdf2 <getNch>:
void getNch(uint8_t count) {
   1fdf2:	cf 93       	push	r28
  do getch(); while (--count);
   1fdf4:	c8 2f       	mov	r28, r24
   1fdf6:	e5 df       	rcall	.-54     	; 0x1fdc2 <getch>
   1fdf8:	c1 50       	subi	r28, 0x01	; 1
}
   1fdfa:	e9 f7       	brne	.-6      	; 0x1fdf6 <getNch+0x4>
  verifySpace();
   1fdfc:	cf 91       	pop	r28
   1fdfe:	ed cf       	rjmp	.-38     	; 0x1fdda <verifySpace>

0001fe00 <watchdogConfig>:
  WDTCSR = _BV(WDCE) | _BV(WDE);
   1fe00:	e0 e6       	ldi	r30, 0x60	; 96
   1fe02:	f0 e0       	ldi	r31, 0x00	; 0
   1fe04:	98 e1       	ldi	r25, 0x18	; 24
   1fe06:	90 83       	st	Z, r25
  WDTCSR = x;
   1fe08:	80 83       	st	Z, r24
   1fe0a:	08 95       	ret

0001fe0c <appStart>:
  WDTCSR = _BV(WDCE) | _BV(WDE);
   1fe0c:	e0 e6       	ldi	r30, 0x60	; 96
   1fe0e:	f0 e0       	ldi	r31, 0x00	; 0
   1fe10:	88 e1       	ldi	r24, 0x18	; 24
   1fe12:	80 83       	st	Z, r24
  WDTCSR = x;
   1fe14:	10 82       	st	Z, r1
}

void appStart() {
  watchdogConfig(WATCHDOG_OFF);
  __asm__ __volatile__ (
   1fe16:	ee 27       	eor	r30, r30
   1fe18:	ff 27       	eor	r31, r31
   1fe1a:	09 94       	ijmp
